2025-08-20 15:48:36,964 - __main__ - INFO - ✅ 환경변수 검증 완료
2025-08-20 15:48:36,964 - __main__ - INFO - 🚀 CoinButler 시스템 시작...
2025-08-20 15:48:36,964 - __main__ - INFO - 🤖 트레이딩 봇 시작 중...
2025-08-20 15:48:36,993 - __main__ - INFO - ✅ 트레이딩 봇 시작됨 (PID: 48817)
2025-08-20 15:48:39,998 - __main__ - INFO - 📊 대시보드 시작 중...
2025-08-20 15:48:40,006 - __main__ - INFO - ✅ 대시보드 시작됨 (PID: 48826)
2025-08-20 15:48:40,006 - __main__ - INFO - 🌐 대시보드 URL: http://0.0.0.0:8501
2025-08-20 15:48:40,006 - __main__ - INFO - ✅ CoinButler 시스템이 성공적으로 시작되었습니다!
2025-08-20 15:48:58,983 - notifier - ERROR - 텔레그램 메시지 전송 실패: 404 Client Error: Not Found for url: https://api.telegram.org/botyour_telegram_bot_token_here/sendMessage
2025-08-20 15:48:58,995 - notifier - ERROR - 텔레그램 연결 테스트 실패
2025-08-20 15:48:58,996 - trade_bot - INFO - 🚀 CoinButler 시작!
2025-08-20 15:48:59,100 - trade_utils - ERROR - 계정 정보 조회 실패: 401 Client Error: Unauthorized for url: https://api.upbit.com/v1/accounts
2025-08-20 15:48:59,105 - trade_bot - INFO - 현재 KRW 잔고: 0원
2025-08-20 15:48:59,105 - trade_bot - ERROR - 잔고 부족! 현재: 0원, 필요: 100,000원
2025-08-20 15:48:59,105 - trade_bot - INFO - 🛑 CoinButler 중지!
2025-08-20 15:48:59,105 - trade_bot - INFO - 🛑 CoinButler 중지!
2025-08-20 15:49:10,012 - __main__ - ERROR - 봇 프로세스가 예기치 않게 종료되었습니다.
2025-08-20 15:49:10,012 - __main__ - INFO - 봇 자동 재시작 시도...
2025-08-20 15:49:15,016 - __main__ - INFO - 🤖 트레이딩 봇 시작 중...
2025-08-20 15:49:15,020 - __main__ - ERROR - 봇 시작 실패: cannot pickle '_thread.lock' object
2025-08-20 15:49:32,412 - __main__ - INFO - 시그널 2 수신, 시스템 종료 중...
2025-08-20 15:49:32,413 - __main__ - INFO - 🛑 CoinButler 시스템 중지 중...
2025-08-20 15:49:32,413 - __main__ - INFO - 대시보드 프로세스 중지 중...
2025-08-20 15:49:32,595 - __main__ - INFO - ✅ 대시보드 프로세스 중지 완료
2025-08-20 15:49:32,596 - __main__ - INFO - ✅ CoinButler 시스템이 중지되었습니다.
2025-08-20 15:49:32,596 - __main__ - INFO - 🛑 CoinButler 시스템 중지 중...
2025-08-20 15:49:32,596 - __main__ - INFO - ✅ CoinButler 시스템이 중지되었습니다.
2025-08-20 16:09:57,332 - __main__ - INFO - ✅ 환경변수 검증 완료
2025-08-20 16:09:57,332 - __main__ - INFO - 🚀 CoinButler 시스템 시작...
2025-08-20 16:09:57,333 - __main__ - INFO - 🤖 트레이딩 봇 시작 중...
2025-08-20 16:09:57,350 - __main__ - INFO - ✅ 트레이딩 봇 시작됨 (PID: 50835)
2025-08-20 16:10:00,356 - __main__ - INFO - 📊 대시보드 시작 중...
2025-08-20 16:10:00,362 - __main__ - INFO - ✅ 대시보드 시작됨 (PID: 50837)
2025-08-20 16:10:00,362 - __main__ - INFO - 🌐 대시보드 URL: http://0.0.0.0:8501
2025-08-20 16:10:00,362 - __main__ - INFO - ✅ CoinButler 시스템이 성공적으로 시작되었습니다!
2025-08-20 16:10:04,833 - notifier - INFO - 텔레그램 메시지 전송 성공
2025-08-20 16:10:04,836 - trade_bot - INFO - 🚀 CoinButler 시작!
2025-08-20 16:10:05,755 - notifier - INFO - 텔레그램 메시지 전송 성공
2025-08-20 16:10:05,857 - trade_utils - ERROR - 계정 정보 조회 실패: 401 Client Error: Unauthorized for url: https://api.upbit.com/v1/accounts
2025-08-20 16:10:05,859 - trade_bot - INFO - 현재 KRW 잔고: 0원
2025-08-20 16:10:05,859 - trade_bot - ERROR - 잔고 부족! 현재: 0원, 필요: 100,000원
2025-08-20 16:10:06,777 - notifier - INFO - 텔레그램 메시지 전송 성공
2025-08-20 16:10:06,780 - trade_bot - INFO - 🛑 CoinButler 중지!
2025-08-20 16:10:07,698 - notifier - INFO - 텔레그램 메시지 전송 성공
2025-08-20 16:10:07,701 - trade_bot - INFO - 🛑 CoinButler 중지!
2025-08-20 16:10:08,601 - notifier - INFO - 텔레그램 메시지 전송 성공
2025-08-20 16:10:17,535 - __main__ - INFO - 시그널 2 수신, 시스템 종료 중...
2025-08-20 16:10:17,535 - __main__ - INFO - 🛑 CoinButler 시스템 중지 중...
2025-08-20 16:10:17,535 - __main__ - INFO - 대시보드 프로세스 중지 중...
2025-08-20 16:10:17,605 - __main__ - INFO - ✅ 대시보드 프로세스 중지 완료
2025-08-20 16:10:17,605 - __main__ - INFO - ✅ CoinButler 시스템이 중지되었습니다.
2025-08-20 16:10:17,605 - __main__ - INFO - 🛑 CoinButler 시스템 중지 중...
2025-08-20 16:10:17,605 - __main__ - INFO - ✅ CoinButler 시스템이 중지되었습니다.
